# JRE version: OpenJDK Runtime Environment (8.0_152-b02) (build 1.8.0_152-release-1024-b02)
# Java VM: OpenJDK 64-Bit Server VM (25.152-b02 mixed mode windows-amd64 compressed oops)
Heap:
 PSYoungGen      total 433152K, used 249000K [0x00000000e0000000, 0x00000000fd080000, 0x0000000100000000)
  eden space 407552K, 54% used [0x00000000e0000000,0x00000000eda72090,0x00000000f8e00000)
  from space 25600K, 98% used [0x00000000faa00000,0x00000000fc2b82c0,0x00000000fc300000)
  to   space 13824K, 0% used [0x00000000fc300000,0x00000000fc300000,0x00000000fd080000)
 ParOldGen       total 106496K, used 61139K [0x00000000a0000000, 0x00000000a6800000, 0x00000000e0000000)
  object space 106496K, 57% used [0x00000000a0000000,0x00000000a3bb4e30,0x00000000a6800000)
 Metaspace       used 78721K, capacity 84594K, committed 84864K, reserved 1122304K
  class space    used 10086K, capacity 11327K, committed 11392K, reserved 1048576K
GC Heap History (10 events):
Event: 1942.661 GC heap before
{Heap before GC invocations=18 (full 3):
 PSYoungGen      total 433664K, used 433549K [0x00000000e0000000, 0x00000000fd300000, 0x0000000100000000)
  eden space 417792K, 100% used [0x00000000e0000000,0x00000000f9800000,0x00000000f9800000)
  from space 15872K, 99% used [0x00000000fc380000,0x00000000fd2e3558,0x00000000fd300000)
  to   space 29184K, 0% used [0x00000000f9a00000,0x00000000f9a00000,0x00000000fb680000)
 ParOldGen       total 106496K, used 61099K [0x00000000a0000000, 0x00000000a6800000, 0x00000000e0000000)
  object space 106496K, 57% used [0x00000000a0000000,0x00000000a3baae30,0x00000000a6800000)
 Metaspace       used 75214K, capacity 79088K, committed 79232K, reserved 1118208K
  class space    used 9604K, capacity 10517K, committed 10624K, reserved 1048576K
Event: 1942.675 GC heap after
Heap after GC invocations=18 (full 3):
 PSYoungGen      total 449024K, used 4880K [0x00000000e0000000, 0x0000000100000000, 0x0000000100000000)
  eden space 419840K, 0% used [0x00000000e0000000,0x00000000e0000000,0x00000000f9a00000)
  from space 29184K, 16% used [0x00000000f9a00000,0x00000000f9ec4050,0x00000000fb680000)
  to   space 29184K, 0% used [0x00000000fe380000,0x00000000fe380000,0x0000000100000000)
 ParOldGen       total 106496K, used 61107K [0x00000000a0000000, 0x00000000a6800000, 0x00000000e0000000)
  object space 106496K, 57% used [0x00000000a0000000,0x00000000a3bace30,0x00000000a6800000)
 Metaspace       used 75214K, capacity 79088K, committed 79232K, reserved 1118208K
  class space    used 9604K, capacity 10517K, committed 10624K, reserved 1048576K
}
Event: 5394.213 GC heap before
{Heap before GC invocations=19 (full 3):
 PSYoungGen      total 449024K, used 424720K [0x00000000e0000000, 0x0000000100000000, 0x0000000100000000)
  eden space 419840K, 100% used [0x00000000e0000000,0x00000000f9a00000,0x00000000f9a00000)
  from space 29184K, 16% used [0x00000000f9a00000,0x00000000f9ec4050,0x00000000fb680000)
  to   space 29184K, 0% used [0x00000000fe380000,0x00000000fe380000,0x0000000100000000)
 ParOldGen       total 106496K, used 61107K [0x00000000a0000000, 0x00000000a6800000, 0x00000000e0000000)
  object space 106496K, 57% used [0x00000000a0000000,0x00000000a3bace30,0x00000000a6800000)
 Metaspace       used 76021K, capacity 80130K, committed 80384K, reserved 1118208K
  class space    used 9681K, capacity 10667K, committed 10752K, reserved 1048576K
Event: 5395.518 GC heap after
Heap after GC invocations=19 (full 3):
 PSYoungGen      total 492032K, used 11559K [0x00000000e0000000, 0x00000000ffd00000, 0x0000000100000000)
  eden space 465920K, 0% used [0x00000000e0000000,0x00000000e0000000,0x00000000fc700000)
  from space 26112K, 44% used [0x00000000fe380000,0x00000000feec9e20,0x00000000ffd00000)
  to   space 27648K, 0% used [0x00000000fc700000,0x00000000fc700000,0x00000000fe200000)
 ParOldGen       total 106496K, used 61115K [0x00000000a0000000, 0x00000000a6800000, 0x00000000e0000000)
  object space 106496K, 57% used [0x00000000a0000000,0x00000000a3baee30,0x00000000a6800000)
 Metaspace       used 76021K, capacity 80130K, committed 80384K, reserved 1118208K
  class space    used 9681K, capacity 10667K, committed 10752K, reserved 1048576K
}
Event: 5530.616 GC heap before
{Heap before GC invocations=20 (full 3):
 PSYoungGen      total 492032K, used 477479K [0x00000000e0000000, 0x00000000ffd00000, 0x0000000100000000)
  eden space 465920K, 100% used [0x00000000e0000000,0x00000000fc700000,0x00000000fc700000)
  from space 26112K, 44% used [0x00000000fe380000,0x00000000feec9e20,0x00000000ffd00000)
  to   space 27648K, 0% used [0x00000000fc700000,0x00000000fc700000,0x00000000fe200000)
 ParOldGen       total 106496K, used 61115K [0x00000000a0000000, 0x00000000a6800000, 0x00000000e0000000)
  object space 106496K, 57% used [0x00000000a0000000,0x00000000a3baee30,0x00000000a6800000)
 Metaspace       used 76490K, capacity 80746K, committed 80896K, reserved 1120256K
  class space    used 9728K, capacity 10750K, committed 10752K, reserved 1048576K
Event: 5530.915 GC heap after
Heap after GC invocations=20 (full 3):
 PSYoungGen      total 454656K, used 8896K [0x00000000e0000000, 0x00000000fe800000, 0x0000000100000000)
  eden space 445440K, 0% used [0x00000000e0000000,0x00000000e0000000,0x00000000fb300000)
  from space 9216K, 96% used [0x00000000fc700000,0x00000000fcfb0050,0x00000000fd000000)
  to   space 24576K, 0% used [0x00000000fd000000,0x00000000fd000000,0x00000000fe800000)
 ParOldGen       total 106496K, used 61123K [0x00000000a0000000, 0x00000000a6800000, 0x00000000e0000000)
  object space 106496K, 57% used [0x00000000a0000000,0x00000000a3bb0e30,0x00000000a6800000)
 Metaspace       used 76490K, capacity 80746K, committed 80896K, reserved 1120256K
  class space    used 9728K, capacity 10750K, committed 10752K, reserved 1048576K
}
Event: 5575.922 GC heap before
{Heap before GC invocations=21 (full 3):
 PSYoungGen      total 454656K, used 454336K [0x00000000e0000000, 0x00000000fe800000, 0x0000000100000000)
  eden space 445440K, 100% used [0x00000000e0000000,0x00000000fb300000,0x00000000fb300000)
  from space 9216K, 96% used [0x00000000fc700000,0x00000000fcfb0050,0x00000000fd000000)
  to   space 24576K, 0% used [0x00000000fd000000,0x00000000fd000000,0x00000000fe800000)
 ParOldGen       total 106496K, used 61123K [0x00000000a0000000, 0x00000000a6800000, 0x00000000e0000000)
  object space 106496K, 57% used [0x00000000a0000000,0x00000000a3bb0e30,0x00000000a6800000)
 Metaspace       used 76979K, capacity 81712K, committed 81920K, reserved 1120256K
  class space    used 9797K, capacity 10890K, committed 11008K, reserved 1048576K
Event: 5576.041 GC heap after
Heap after GC invocations=21 (full 3):
 PSYoungGen      total 438272K, used 12112K [0x00000000e0000000, 0x00000000fdc00000, 0x0000000100000000)
  eden space 425984K, 0% used [0x00000000e0000000,0x00000000e0000000,0x00000000fa000000)
  from space 12288K, 98% used [0x00000000fd000000,0x00000000fdbd40c0,0x00000000fdc00000)
  to   space 25600K, 0% used [0x00000000faa00000,0x00000000faa00000,0x00000000fc300000)
 ParOldGen       total 106496K, used 61131K [0x00000000a0000000, 0x00000000a6800000, 0x00000000e0000000)
  object space 106496K, 57% used [0x00000000a0000000,0x00000000a3bb2e30,0x00000000a6800000)
 Metaspace       used 76979K, capacity 81712K, committed 81920K, reserved 1120256K
  class space    used 9797K, capacity 10890K, committed 11008K, reserved 1048576K
}
Event: 5807.740 GC heap before
{Heap before GC invocations=22 (full 3):
 PSYoungGen      total 438272K, used 438096K [0x00000000e0000000, 0x00000000fdc00000, 0x0000000100000000)
  eden space 425984K, 100% used [0x00000000e0000000,0x00000000fa000000,0x00000000fa000000)
  from space 12288K, 98% used [0x00000000fd000000,0x00000000fdbd40c0,0x00000000fdc00000)
  to   space 25600K, 0% used [0x00000000faa00000,0x00000000faa00000,0x00000000fc300000)
 ParOldGen       total 106496K, used 61131K [0x00000000a0000000, 0x00000000a6800000, 0x00000000e0000000)
  object space 106496K, 57% used [0x00000000a0000000,0x00000000a3bb2e30,0x00000000a6800000)
 Metaspace       used 78498K, capacity 84292K, committed 84608K, reserved 1122304K
  class space    used 10061K, capacity 11292K, committed 11392K, reserved 1048576K
Event: 5807.803 GC heap after
Heap after GC invocations=22 (full 3):
 PSYoungGen      total 433152K, used 25312K [0x00000000e0000000, 0x00000000fd080000, 0x0000000100000000)
  eden space 407552K, 0% used [0x00000000e0000000,0x00000000e0000000,0x00000000f8e00000)
  from space 25600K, 98% used [0x00000000faa00000,0x00000000fc2b82c0,0x00000000fc300000)
  to   space 13824K, 0% used [0x00000000fc300000,0x00000000fc300000,0x00000000fd080000)
 ParOldGen       total 106496K, used 61139K [0x00000000a0000000, 0x00000000a6800000, 0x00000000e0000000)
  object space 106496K, 57% used [0x00000000a0000000,0x00000000a3bb4e30,0x00000000a6800000)
 Metaspace       used 78498K, capacity 84292K, committed 84608K, reserved 1122304K
  class space    used 10061K, capacity 11292K, committed 11392K, reserved 1048576K
}

